<?xml version="1.0" encoding="UTF-8"?>
<testng-results ignored="0" total="1" passed="1" failed="0" skipped="0">
  <reporter-output>
    <line>
      <![CDATA[brower is not available]]>
    </line>
    <line>
      <![CDATA[no of row:: 10]]>
    </line>
    <line>
      <![CDATA[login successfull]]>
    </line>
    <line>
      <![CDATA[login unsucessfull]]>
    </line>
    <line>
      <![CDATA[login unsucessfull]]>
    </line>
    <line>
      <![CDATA[login unsucessfull]]>
    </line>
    <line>
      <![CDATA[login successfull]]>
    </line>
    <line>
      <![CDATA[login unsucessfull]]>
    </line>
    <line>
      <![CDATA[login successfull]]>
    </line>
    <line>
      <![CDATA[login unsucessfull]]>
    </line>
    <line>
      <![CDATA[login successfull]]>
    </line>
    <line>
      <![CDATA[login unsucessfull]]>
    </line>
  </reporter-output>
  <suite started-at="2023-09-26T00:23:40 IST" name="Default suite" finished-at="2023-09-26T00:24:01 IST" duration-ms="20785">
    <groups>
    </groups>
    <test started-at="2023-09-26T00:23:40 IST" name="Default test" finished-at="2023-09-26T00:24:01 IST" duration-ms="20785">
      <class name="driverFactory.DriverScript">
        <test-method is-config="true" signature="setUp()[pri:0, instance:driverFactory.DriverScript@776aec5c]" started-at="2023-09-26T00:23:40 IST" name="setUp" finished-at="2023-09-26T00:23:43 IST" duration-ms="2864" status="PASS">
          <reporter-output>
            <line>
              <![CDATA[brower is not available]]>
            </line>
          </reporter-output>
        </test-method> <!-- setUp -->
        <test-method signature="validate_login()[pri:0, instance:driverFactory.DriverScript@776aec5c]" started-at="2023-09-26T00:23:43 IST" name="validate_login" finished-at="2023-09-26T00:24:01 IST" duration-ms="17192" status="PASS">
          <reporter-output>
            <line>
              <![CDATA[no of row:: 10]]>
            </line>
            <line>
              <![CDATA[login successfull]]>
            </line>
            <line>
              <![CDATA[login unsucessfull]]>
            </line>
            <line>
              <![CDATA[login unsucessfull]]>
            </line>
            <line>
              <![CDATA[login unsucessfull]]>
            </line>
            <line>
              <![CDATA[login successfull]]>
            </line>
            <line>
              <![CDATA[login unsucessfull]]>
            </line>
            <line>
              <![CDATA[login successfull]]>
            </line>
            <line>
              <![CDATA[login unsucessfull]]>
            </line>
            <line>
              <![CDATA[login successfull]]>
            </line>
            <line>
              <![CDATA[login unsucessfull]]>
            </line>
          </reporter-output>
        </test-method> <!-- validate_login -->
        <test-method is-config="true" signature="tearDown()[pri:0, instance:driverFactory.DriverScript@776aec5c]" started-at="2023-09-26T00:24:01 IST" name="tearDown" finished-at="2023-09-26T00:24:01 IST" duration-ms="653" status="PASS">
          <reporter-output>
          </reporter-output>
        </test-method> <!-- tearDown -->
      </class> <!-- driverFactory.DriverScript -->
    </test> <!-- Default test -->
  </suite> <!-- Default suite -->
</testng-results>
